<?xml version="1.0" encoding="UTF-8"?>
<!-- Generated by org.testng.reporters.JUnitXMLReporter -->
<testsuite hostname="kamilb-prism" ignored="2" tests="2" failures="0" timestamp="10 Feb 2017 14:22:26 GMT" time="0.02" errors="0">
  <testcase name="testMethodOne" time="0.007" classname="RegularExpressionGroupTest"/>
  <testcase name="testMethodTwo" time="0.0" classname="RegularExpressionGroupTest"/>
  <testcase name="testMethodFour" time="0.0" classname="RegularExpressionGroupTest">
    <ignored/>
  </testcase> <!-- testMethodFour -->
  <testcase name="testMethodThree" time="0.0" classname="RegularExpressionGroupTest">
    <ignored/>
  </testcase> <!-- testMethodThree -->
</testsuite>
