<?xml version="1.0" encoding="UTF-8"?>
<testng-results skipped="0" failed="0" ignored="2" total="6" passed="4">
  <reporter-output>
  </reporter-output>
  <suite name="Suite" duration-ms="81" started-at="2017-02-10T14:04:52Z" finished-at="2017-02-10T14:04:52Z">
    <groups>
      <group name="include-test-one">
        <method signature="RegularExpressionGroupTest.testMethodOne()[pri:0, instance:RegularExpressionGroupTest@6debcae2]" name="testMethodOne" class="RegularExpressionGroupTest"/>
      </group> <!-- include-test-one -->
      <group name="include-test-two">
        <method signature="RegularExpressionGroupTest.testMethodTwo()[pri:0, instance:RegularExpressionGroupTest@6debcae2]" name="testMethodTwo" class="RegularExpressionGroupTest"/>
      </group> <!-- include-test-two -->
    </groups>
    <test name="Group of group Test" duration-ms="81" started-at="2017-02-10T14:04:52Z" finished-at="2017-02-10T14:04:52Z">
      <class name="RegularExpressionGroupTest">
        <test-method status="PASS" signature="testMethodOne()[pri:0, instance:RegularExpressionGroupTest@6debcae2]" name="testMethodOne" duration-ms="9" started-at="2017-02-10T15:04:52Z" finished-at="2017-02-10T15:04:52Z">
          <reporter-output>
          </reporter-output>
        </test-method> <!-- testMethodOne -->
        <test-method status="PASS" signature="testMethodTwo()[pri:0, instance:RegularExpressionGroupTest@6debcae2]" name="testMethodTwo" duration-ms="7" started-at="2017-02-10T15:04:52Z" finished-at="2017-02-10T15:04:52Z">
          <reporter-output>
          </reporter-output>
        </test-method> <!-- testMethodTwo -->
      </class> <!-- RegularExpressionGroupTest -->
    </test> <!-- Group of group Test -->
  </suite> <!-- Suite -->
  <suite name="Suite (0)" duration-ms="12" started-at="2017-02-10T14:04:52Z" finished-at="2017-02-10T14:04:52Z">
    <groups>
    </groups>
    <test name="Test One" duration-ms="3" started-at="2017-02-10T14:04:52Z" finished-at="2017-02-10T14:04:52Z">
      <class name="ParallelSuiteTest">
        <test-method status="PASS" signature="beforeTest(java.lang.String)[pri:0, instance:ParallelSuiteTest@6e8dacdf]" name="beforeTest" is-config="true" duration-ms="0" started-at="2017-02-10T15:04:52Z" finished-at="2017-02-10T15:04:52Z">
          <params>
            <param index="0">
              <value>
                <![CDATA[Test One]]>
              </value>
            </param>
          </params>
          <reporter-output>
          </reporter-output>
        </test-method> <!-- beforeTest -->
        <test-method status="PASS" signature="afterClass()[pri:0, instance:ParallelSuiteTest@6e8dacdf]" name="afterClass" is-config="true" duration-ms="1" started-at="2017-02-10T15:04:52Z" finished-at="2017-02-10T15:04:52Z">
          <reporter-output>
          </reporter-output>
        </test-method> <!-- afterClass -->
        <test-method status="PASS" signature="testMethodOne()[pri:0, instance:ParallelSuiteTest@6e8dacdf]" name="testMethodOne" duration-ms="0" started-at="2017-02-10T15:04:52Z" finished-at="2017-02-10T15:04:52Z">
          <reporter-output>
          </reporter-output>
        </test-method> <!-- testMethodOne -->
        <test-method status="PASS" signature="beforeClass()[pri:0, instance:ParallelSuiteTest@6e8dacdf]" name="beforeClass" is-config="true" duration-ms="0" started-at="2017-02-10T15:04:52Z" finished-at="2017-02-10T15:04:52Z">
          <reporter-output>
          </reporter-output>
        </test-method> <!-- beforeClass -->
        <test-method status="PASS" signature="afterTest()[pri:0, instance:ParallelSuiteTest@6e8dacdf]" name="afterTest" is-config="true" duration-ms="0" started-at="2017-02-10T15:04:52Z" finished-at="2017-02-10T15:04:52Z">
          <reporter-output>
          </reporter-output>
        </test-method> <!-- afterTest -->
      </class> <!-- ParallelSuiteTest -->
    </test> <!-- Test One -->
    <test name="Test Two" duration-ms="7" started-at="2017-02-10T14:04:52Z" finished-at="2017-02-10T14:04:52Z">
      <class name="ParallelSuiteTest">
        <test-method status="PASS" signature="beforeTest(java.lang.String)[pri:0, instance:ParallelSuiteTest@36d64342]" name="beforeTest" is-config="true" duration-ms="0" started-at="2017-02-10T15:04:52Z" finished-at="2017-02-10T15:04:52Z">
          <params>
            <param index="0">
              <value>
                <![CDATA[Test Two]]>
              </value>
            </param>
          </params>
          <reporter-output>
          </reporter-output>
        </test-method> <!-- beforeTest -->
        <test-method status="PASS" signature="beforeClass()[pri:0, instance:ParallelSuiteTest@36d64342]" name="beforeClass" is-config="true" duration-ms="1" started-at="2017-02-10T15:04:52Z" finished-at="2017-02-10T15:04:52Z">
          <reporter-output>
          </reporter-output>
        </test-method> <!-- beforeClass -->
        <test-method status="PASS" signature="testMethodOne()[pri:0, instance:ParallelSuiteTest@36d64342]" name="testMethodOne" duration-ms="3" started-at="2017-02-10T15:04:52Z" finished-at="2017-02-10T15:04:52Z">
          <reporter-output>
          </reporter-output>
        </test-method> <!-- testMethodOne -->
        <test-method status="PASS" signature="afterClass()[pri:0, instance:ParallelSuiteTest@36d64342]" name="afterClass" is-config="true" duration-ms="1" started-at="2017-02-10T15:04:52Z" finished-at="2017-02-10T15:04:52Z">
          <reporter-output>
          </reporter-output>
        </test-method> <!-- afterClass -->
        <test-method status="PASS" signature="afterTest()[pri:0, instance:ParallelSuiteTest@36d64342]" name="afterTest" is-config="true" duration-ms="0" started-at="2017-02-10T15:04:52Z" finished-at="2017-02-10T15:04:52Z">
          <reporter-output>
          </reporter-output>
        </test-method> <!-- afterTest -->
      </class> <!-- ParallelSuiteTest -->
    </test> <!-- Test Two -->
  </suite> <!-- Suite (0) -->
</testng-results>
